[2016-06-16 02:48:09] chat.INFO: Chat Message : [resourceId : 63 , Message : Here's some text that the server is urgently awaiting!] [] []
[2016-06-16 02:49:25] chat.INFO: Chat Close. [] []
[2016-06-16 02:49:29] chat.INFO: Chat Message : [resourceId : 118 , Message : Here's some text that the server is urgently awaiting!] [] []
[2016-06-16 02:49:38] chat.INFO: Chat Close. [] []
[2016-06-16 02:49:38] chat.INFO: Chat Message : [resourceId : 123 , Message : Here's some text that the server is urgently awaiting!] [] []
[2016-06-16 02:49:43] chat.INFO: Chat Close. [] []
[2016-06-16 10:13:55] chat.INFO: Chat Message : [resourceId : 63 , Message : Here's some text that the server is urgently awaiting!] [] []
[2016-06-16 10:14:27] chat.INFO: Chat Close. [] []
[2016-06-16 10:14:28] chat.INFO: Chat Message : [resourceId : 118 , Message : Here's some text that the server is urgently awaiting!] [] []
[2016-06-16 10:14:56] chat.INFO: Chat Close. [] []
[2016-06-16 10:14:57] chat.INFO: Chat Message : [resourceId : 123 , Message : Here's some text that the server is urgently awaiting!] [] []
[2016-06-16 10:15:25] chat.INFO: Chat Close. [] []
[2016-06-16 10:15:26] chat.INFO: Chat Message : [resourceId : 128 , Message : Here's some text that the server is urgently awaiting!] [] []
[2016-06-16 10:15:55] chat.INFO: Chat Close. [] []
[2016-06-16 10:15:56] chat.INFO: Chat Message : [resourceId : 133 , Message : Here's some text that the server is urgently awaiting!] [] []
[2016-06-16 10:16:22] chat.INFO: Chat Close. [] []
[2016-06-16 10:16:22] chat.INFO: Chat Message : [resourceId : 138 , Message : Here's some text that the server is urgently awaiting!] [] []
[2016-06-16 10:16:44] chat.INFO: Chat Close. [] []
[2016-06-16 10:16:45] chat.INFO: Chat Message : [resourceId : 143 , Message : Here's some text that the server is urgently awaiting!] [] []
[2016-06-16 10:17:30] chat.INFO: Chat Close. [] []
[2016-06-16 10:17:31] chat.INFO: Chat Message : [resourceId : 148 , Message : Here's some text that the server is urgently awaiting!] [] []
[2016-06-16 10:17:58] chat.INFO: Chat Close. [] []
[2016-06-16 10:17:58] chat.INFO: Chat Message : [resourceId : 153 , Message : Here's some text that the server is urgently awaiting!] [] []
[2016-06-16 10:18:29] chat.INFO: Chat Close. [] []
[2016-06-16 10:18:29] chat.INFO: Chat Message : [resourceId : 158 , Message : Here's some text that the server is urgently awaiting!] [] []
[2016-06-16 10:18:48] chat.INFO: Chat Close. [] []
[2016-06-16 10:18:48] chat.INFO: Chat Message : [resourceId : 163 , Message : Here's some text that the server is urgently awaiting!] [] []
[2016-06-16 10:19:28] chat.INFO: Chat Close. [] []
[2016-06-16 10:19:29] chat.INFO: Chat Message : [resourceId : 168 , Message : Here's some text that the server is urgently awaiting!] [] []
[2016-06-16 10:20:12] chat.INFO: Chat Close. [] []
[2016-06-16 10:20:13] chat.INFO: Chat Message : [resourceId : 173 , Message : Here's some text that the server is urgently awaiting!] [] []
[2016-06-16 10:20:33] chat.INFO: Chat Close. [] []
[2016-06-16 10:20:33] chat.INFO: Chat Message : [resourceId : 178 , Message : Here's some text that the server is urgently awaiting!] [] []
[2016-06-16 10:20:44] chat.INFO: Chat Close. [] []
[2016-06-16 10:20:44] chat.INFO: Chat Message : [resourceId : 183 , Message : Here's some text that the server is urgently awaiting!] [] []
[2016-06-16 10:20:44] chat.INFO: Chat Close. [] []
[2016-06-16 10:20:45] chat.INFO: Chat Message : [resourceId : 188 , Message : Here's some text that the server is urgently awaiting!] [] []
[2016-06-16 10:21:10] chat.INFO: Chat Close. [] []
[2016-06-16 10:21:11] chat.INFO: Chat Message : [resourceId : 193 , Message : Here's some text that the server is urgently awaiting!] [] []
[2016-06-16 10:21:40] chat.INFO: Chat Close. [] []
[2016-06-16 10:21:40] chat.INFO: Chat Message : [resourceId : 198 , Message : Here's some text that the server is urgently awaiting!] [] []
[2016-06-16 10:21:46] chat.INFO: Chat Close. [] []
[2016-06-16 10:21:47] chat.INFO: Chat Message : [resourceId : 203 , Message : Here's some text that the server is urgently awaiting!] [] []
[2016-06-16 10:22:01] chat.INFO: Chat Close. [] []
[2016-06-16 10:22:02] chat.INFO: Chat Message : [resourceId : 208 , Message : Here's some text that the server is urgently awaiting!] [] []
[2016-06-16 10:22:14] chat.INFO: Chat Close. [] []
[2016-06-16 10:22:15] chat.INFO: Chat Message : [resourceId : 213 , Message : Here's some text that the server is urgently awaiting!] [] []
[2016-06-16 10:22:33] chat.INFO: Chat Close. [] []
[2016-06-16 10:22:34] chat.INFO: Chat Message : [resourceId : 218 , Message : Here's some text that the server is urgently awaiting!] [] []
[2016-06-16 10:23:10] chat.INFO: Chat Close. [] []
[2016-06-16 10:23:11] chat.INFO: Chat Message : [resourceId : 223 , Message : Here's some text that the server is urgently awaiting!] [] []
[2016-06-16 10:23:30] chat.INFO: Chat Close. [] []
[2016-06-16 10:23:31] chat.INFO: Chat Message : [resourceId : 228 , Message : Here's some text that the server is urgently awaiting!] [] []
[2016-06-16 10:23:39] chat.INFO: Chat Close. [] []
[2016-06-16 10:23:39] chat.INFO: Chat Message : [resourceId : 233 , Message : Here's some text that the server is urgently awaiting!] [] []
[2016-06-16 10:23:40] chat.INFO: Chat Message : [resourceId : 233 , Message : Hello Me!] [] []
[2016-06-16 10:23:41] chat.INFO: Chat Message : [resourceId : 233 , Message : Hello Me!] [] []
[2016-06-16 10:23:41] chat.INFO: Chat Message : [resourceId : 233 , Message : Hello Me!] [] []
[2016-06-16 10:23:41] chat.INFO: Chat Message : [resourceId : 233 , Message : Hello Me!] [] []
[2016-06-16 10:23:51] chat.INFO: Chat Close. [] []
[2016-06-16 10:23:52] chat.INFO: Chat Message : [resourceId : 238 , Message : Here's some text that the server is urgently awaiting!] [] []
[2016-06-16 10:23:53] chat.INFO: Chat Message : [resourceId : 238 , Message : Hello Me!] [] []
[2016-06-16 10:24:24] chat.INFO: Chat Close. [] []
[2016-06-16 10:24:31] chat.INFO: Chat Message : [resourceId : 118 , Message : Hello Me!] [] []
[2016-06-16 10:24:52] chat.INFO: Chat Close. [] []
[2016-06-16 10:25:02] chat.INFO: Chat Close. [] []
[2016-06-16 10:25:13] chat.INFO: Chat Close. [] []
[2016-06-16 10:25:26] chat.INFO: Chat Close. [] []
[2016-06-16 10:25:56] chat.INFO: Chat Close. [] []
[2016-06-16 10:25:59] chat.INFO: Chat Message : [resourceId : 143 , Message : test] [] []
[2016-06-16 10:26:27] chat.INFO: Chat Message : [resourceId : 148 , Message : hee] [] []
[2016-06-16 10:26:31] chat.INFO: Chat Message : [resourceId : 143 , Message : hhd] [] []
[2016-06-16 10:26:36] chat.INFO: Chat Close. [] []
[2016-06-16 10:26:36] chat.INFO: Chat Close. [] []
[2016-06-16 10:28:52] chat.INFO: Chat Message : [resourceId : 63 , Message : hello] [] []
[2016-06-16 10:38:02] chat.INFO: Chat Message : [resourceId : 63 , Message : test] [] []
[2016-06-16 10:43:04] chat.INFO: Chat Message : [resourceId : 112 , Message : goodbey] [] []
[2016-06-16 10:47:37] chat.INFO: Chat Close. [] []
[2016-06-16 10:47:59] chat.INFO: Chat Message : [resourceId : 135 , Message : hello] [] []
[2016-06-16 10:47:59] chat.INFO: Send [135] [] []
[2016-06-16 10:48:11] chat.INFO: Chat Message : [resourceId : 140 , Message : wow] [] []
[2016-06-16 10:48:11] chat.INFO: Send [140] [] []
[2016-06-16 10:48:28] chat.INFO: Chat Message : [resourceId : 135 , Message : go] [] []
[2016-06-16 10:48:28] chat.INFO: Send [135] [] []
[2016-06-16 10:48:40] chat.INFO: Chat Close. [] []
[2016-06-16 10:48:41] chat.INFO: Chat Close. [] []
[2016-06-16 10:48:45] chat.INFO: Chat Message : [resourceId : 145 , Message : hi] [] []
[2016-06-16 10:48:45] chat.INFO: Send [145] [] []
[2016-06-16 10:49:41] chat.INFO: Chat Message : [resourceId : 112 , Message : hi] [] []
[2016-06-16 10:49:41] chat.INFO: Send [112] [] []
[2016-06-16 10:49:41] chat.INFO: Send [112] [] []
[2016-06-16 10:49:45] chat.INFO: Chat Message : [resourceId : 63 , Message : hello] [] []
[2016-06-16 10:49:45] chat.INFO: Send [63] [] []
[2016-06-16 10:49:45] chat.INFO: Send [63] [] []
[2016-06-16 11:40:16] chat.INFO: Chat Close. [] []
[2016-06-16 11:40:20] chat.INFO: Chat Message : [resourceId : 123 , Message : hi] [] []
[2016-06-16 11:40:20] chat.INFO: Send [123] [] []
[2016-06-16 11:40:20] chat.INFO: Send [123] [] []
[2016-06-16 11:40:27] chat.INFO: Chat Message : [resourceId : 63 , Message : hello] [] []
[2016-06-16 11:40:27] chat.INFO: Send [63] [] []
[2016-06-16 11:40:27] chat.INFO: Send [63] [] []
