[2016-06-19 23:33:20] chat.INFO: onPublish [com.channel.89.12.17566136621] [] []
[2016-06-19 23:34:00] chat.INFO: onOpen [] []
[2016-06-19 23:34:00] chat.INFO: onSubscribe : [Channel : com.channel.89.12.17566136621] [] []
[2016-06-19 23:34:01] chat.INFO: onOpen [] []
[2016-06-19 23:34:01] chat.INFO: onCall [] []
[2016-06-19 23:34:01] chat.INFO: onSubscribe : [Channel : com.channel.89.12.17566136621] [] []
[2016-06-19 23:34:05] chat.INFO: onPublish [com.channel.89.12.17566136621] [] []
[2016-06-19 23:35:20] chat.INFO: onOpen [] []
[2016-06-19 23:35:21] chat.INFO: onSubscribe : [Channel : com.channel.89.12.17566136621] [] []
[2016-06-19 23:35:21] chat.INFO: onOpen [] []
[2016-06-19 23:35:21] chat.INFO: onCall [] []
[2016-06-19 23:35:21] chat.INFO: onSubscribe : [Channel : com.channel.89.12.17566136621] [] []
[2016-06-19 23:35:24] chat.INFO: onPublish [com.channel.89.12.17566136621] [] []
[2016-06-19 23:37:18] chat.INFO: onOpen [] []
[2016-06-19 23:37:18] chat.INFO: onSubscribe : [Channel : com.channel.89.12.17566136621] [] []
[2016-06-19 23:37:18] chat.INFO: onOpen [] []
[2016-06-19 23:37:18] chat.INFO: onCall [] []
[2016-06-19 23:37:18] chat.INFO: onSubscribe : [Channel : com.channel.89.12.17566136621] [] []
[2016-06-19 23:37:22] chat.INFO: onPublish [com.channel.89.12.17566136621] [] []
[2016-06-19 23:37:38] chat.INFO: onPublish [com.channel.89.12.17566136621] [] []
[2016-06-19 23:54:59] chat.INFO: onOpen [] []
[2016-06-19 23:54:59] chat.INFO: onCall [] []
[2016-06-19 23:54:59] chat.INFO: onSubscribe : [Channel : com.channel.89.12.17566136621] [] []
[2016-06-19 23:55:00] chat.INFO: onOpen [] []
[2016-06-19 23:55:00] chat.INFO: onSubscribe : [Channel : com.channel.89.12.17566136621] [] []
[2016-06-19 23:55:03] chat.INFO: onPublish [com.channel.89.12.17566136621] [] []
[2016-06-19 23:56:44] chat.INFO: onClose [] []
[2016-06-19 23:56:45] chat.INFO: onOpen [] []
[2016-06-19 23:56:45] chat.INFO: onCall [] []
[2016-06-19 23:56:45] chat.INFO: onSubscribe : [Channel : com.channel.89.12.17566136621] [] []
[2016-06-19 23:56:52] chat.INFO: onOpen [] []
[2016-06-19 23:56:52] chat.INFO: onCall [] []
[2016-06-19 23:56:52] chat.INFO: onSubscribe : [Channel : com.channel.89.12.17566136621] [] []
[2016-06-19 23:56:54] chat.INFO: onOpen [] []
[2016-06-19 23:56:54] chat.INFO: onSubscribe : [Channel : com.channel.89.12.17566136621] [] []
[2016-06-19 23:56:57] chat.INFO: onPublish [com.channel.89.12.17566136621] [] []
[2016-06-19 23:56:57] chat.INFO: onPublish [com.channel.89.12.17566136621] [insert db] [] []
[2016-06-19 23:57:43] chat.INFO: onClose [] []
[2016-06-19 23:57:43] chat.INFO: onOpen [] []
[2016-06-19 23:57:43] chat.INFO: onSubscribe : [Channel : com.channel.89.12.17566136621] [] []
[2016-06-19 23:57:46] chat.INFO: onPublish [com.channel.89.12.17566136621] [] []
[2016-06-19 23:57:46] chat.INFO: onPublish [com.channel.89.12.17566136621] [insert db] [] []
[2016-06-19 23:57:52] chat.INFO: onPublish [com.channel.89.12.17566136621] [] []
[2016-06-19 23:57:52] chat.INFO: onPublish [com.channel.89.12.17566136621] [insert db] [] []
[2016-06-19 23:58:15] chat.INFO: onPublish [com.channel.89.12.17566136621] [] []
[2016-06-19 23:58:15] chat.INFO: onPublish [com.channel.89.12.17566136621] [insert db] [] []
[2016-06-19 23:58:30] chat.INFO: onPublish [com.channel.89.12.17566136621] [] []
[2016-06-19 23:58:30] chat.INFO: onPublish [com.channel.89.12.17566136621] [insert db] [] []
[2016-06-20 00:22:12] chat.INFO: onClose [] []
[2016-06-20 00:22:16] chat.INFO: onClose [] []
[2016-06-20 02:07:20] chat.INFO: onOpen [] []
[2016-06-20 02:07:20] chat.INFO: onCall [] []
[2016-06-20 02:07:20] chat.INFO: onSubscribe : [Add new Channel : com.channel.68.23.1466359639] [] []
[2016-06-20 02:07:20] chat.INFO: onSubscribe : [Channel : com.channel.68.23.1466359639] [] []
[2016-06-20 02:10:46] chat.INFO: onClose [] []
[2016-06-20 02:11:37] chat.INFO: onOpen [] []
[2016-06-20 02:11:37] chat.INFO: onCall [] []
[2016-06-20 02:11:37] chat.INFO: onSubscribe : [Add new Channel : com.channel.68.23.1466359895] [] []
[2016-06-20 02:11:37] chat.INFO: onSubscribe : [Channel : com.channel.68.23.1466359895] [] []
[2016-06-20 02:12:22] chat.INFO: onOpen [] []
[2016-06-20 02:12:22] chat.INFO: onCall [] []
[2016-06-20 02:12:22] chat.INFO: onSubscribe : [Add new Channel : com.channel.68.23.1466359940] [] []
[2016-06-20 02:12:22] chat.INFO: onSubscribe : [Channel : com.channel.68.23.1466359940] [] []
[2016-06-20 02:13:05] chat.INFO: onClose [] []
[2016-06-20 02:13:27] chat.INFO: onOpen [] []
[2016-06-20 02:13:27] chat.INFO: onCall [] []
[2016-06-20 02:13:27] chat.INFO: onSubscribe : [Add new Channel : com.channel.68.23.1466360005] [] []
[2016-06-20 02:13:27] chat.INFO: onSubscribe : [Channel : com.channel.68.23.1466360005] [] []
[2016-06-20 02:13:55] chat.INFO: onOpen [] []
[2016-06-20 02:13:55] chat.INFO: onCall [] []
[2016-06-20 02:13:55] chat.INFO: onSubscribe : [Channel : com.channel.68.23.1466360033] [] []
[2016-06-20 02:42:36] chat.INFO: onOpen [] []
[2016-06-20 02:42:36] chat.INFO: onCall [] []
[2016-06-20 02:42:37] chat.INFO: onSubscribe : [Channel : com.channel.68.23.1466361755] [] []
